2019-02-15-21.56.14.320909											Level:ERROR
PID:75914                                TID:75914
Function:pmdMasterThreadMain             Line:145
File:pmd/pmdMain.cpp
Message:
success will be sleep 

2019-02-15-21.56.15.321731											Level:ERROR
PID:75914                                TID:75914
Function:pmdMasterThreadMain             Line:145
File:pmd/pmdMain.cpp
Message:
success will be sleep 

2019-02-15-21.56.16.322895											Level:ERROR
PID:75914                                TID:75914
Function:pmdMasterThreadMain             Line:145
File:pmd/pmdMain.cpp
Message:
success will be sleep 

2019-02-15-21.56.17.323928											Level:ERROR
PID:75914                                TID:75914
Function:pmdMasterThreadMain             Line:145
File:pmd/pmdMain.cpp
Message:
success will be sleep 

2019-02-15-21.56.18.325174											Level:ERROR
PID:75914                                TID:75914
Function:pmdMasterThreadMain             Line:145
File:pmd/pmdMain.cpp
Message:
success will be sleep 

2019-02-15-21.56.19.326122											Level:ERROR
PID:75914                                TID:75914
Function:pmdMasterThreadMain             Line:145
File:pmd/pmdMain.cpp
Message:
success will be sleep 

2019-02-15-22.02.20.374715											Level:WARNING
PID:75969                                TID:75969
Function:recv                            Line:294
File:oss/osssocket.cpp
Message:
Peer unexpected shutdown

